[0m14:44:38.721129 [debug] [MainThread]: Sending event: {'category': 'dbt', 'action': 'invocation', 'label': 'start', 'context': [<snowplow_tracker.self_describing_json.SelfDescribingJson object at 0x000001F0ABCE5400>, <snowplow_tracker.self_describing_json.SelfDescribingJson object at 0x000001F0ABCE4230>, <snowplow_tracker.self_describing_json.SelfDescribingJson object at 0x000001F0AA585D60>]}


============================== 14:44:38.745151 | 78ca11a6-7f84-46e8-a589-79447bf6a222 ==============================
[0m14:44:38.745151 [info ] [MainThread]: Running with dbt=1.8.3
[0m14:44:38.746152 [debug] [MainThread]: running dbt with arguments {'printer_width': '80', 'indirect_selection': 'eager', 'write_json': 'True', 'log_cache_events': 'False', 'partial_parse': 'True', 'cache_selected_only': 'False', 'warn_error': 'None', 'fail_fast': 'False', 'profiles_dir': 'C:\\Users\\PAULO\\.dbt', 'log_path': 'logs', 'debug': 'False', 'version_check': 'True', 'use_colors': 'True', 'use_experimental_parser': 'False', 'empty': 'None', 'quiet': 'False', 'no_print': 'None', 'log_format': 'default', 'static_parser': 'True', 'warn_error_options': 'WarnErrorOptions(include=[], exclude=[])', 'introspect': 'True', 'target_path': 'None', 'invocation_command': 'dbt init', 'send_anonymous_usage_stats': 'True'}
[0m14:44:38.807888 [warn ] [MainThread]: [ConfigFolderDirectory]: Unable to parse dict {'dir': WindowsPath('C:/Users/PAULO/.dbt')}
[0m14:44:38.808939 [info ] [MainThread]: Creating dbt configuration folder at 
[0m14:46:40.684006 [debug] [MainThread]: Starter project path: C:\Users\PAULO\workspace\pmarangoni\projeto-dbt\.venv\Lib\site-packages\dbt\include\starter_project
[0m14:46:40.695006 [info ] [MainThread]: 
Your new dbt project "dbt_estudos" was created!

For more information on how to configure the profiles.yml file,
please consult the dbt documentation here:

  https://docs.getdbt.com/docs/configure-your-profile

One more thing:

Need help? Don't hesitate to reach out to us via GitHub issues or on Slack:

  https://community.getdbt.com/

Happy modeling!

[0m14:46:40.697008 [info ] [MainThread]: Setting up your profile.
[0m14:48:52.869477 [info ] [MainThread]: Profile dbt_estudos written to C:\Users\PAULO\.dbt\profiles.yml using target's profile_template.yml and your supplied values. Run 'dbt debug' to validate the connection.
[0m14:48:52.870477 [debug] [MainThread]: Command `dbt init` succeeded at 14:48:52.870477 after 254.23 seconds
[0m14:48:52.870477 [debug] [MainThread]: Sending event: {'category': 'dbt', 'action': 'invocation', 'label': 'end', 'context': [<snowplow_tracker.self_describing_json.SelfDescribingJson object at 0x000001F0AA1D2B40>, <snowplow_tracker.self_describing_json.SelfDescribingJson object at 0x000001F0ABB96D20>, <snowplow_tracker.self_describing_json.SelfDescribingJson object at 0x000001F0AC042B40>]}
[0m14:48:52.870477 [debug] [MainThread]: Flushing usage events
[0m14:49:01.434254 [debug] [MainThread]: Sending event: {'category': 'dbt', 'action': 'invocation', 'label': 'start', 'context': [<snowplow_tracker.self_describing_json.SelfDescribingJson object at 0x000002ADDC3D3500>, <snowplow_tracker.self_describing_json.SelfDescribingJson object at 0x000002ADDC3D33E0>, <snowplow_tracker.self_describing_json.SelfDescribingJson object at 0x000002ADDC3D31D0>]}


============================== 14:49:01.437256 | 08d9f128-a5c9-486e-8b83-03174bf183a1 ==============================
[0m14:49:01.437256 [info ] [MainThread]: Running with dbt=1.8.3
[0m14:49:01.438255 [debug] [MainThread]: running dbt with arguments {'printer_width': '80', 'indirect_selection': 'eager', 'write_json': 'True', 'log_cache_events': 'False', 'partial_parse': 'True', 'cache_selected_only': 'False', 'profiles_dir': 'C:\\Users\\PAULO\\.dbt', 'debug': 'False', 'warn_error': 'None', 'log_path': 'logs', 'version_check': 'True', 'fail_fast': 'False', 'use_colors': 'True', 'use_experimental_parser': 'False', 'no_print': 'None', 'quiet': 'False', 'empty': 'None', 'warn_error_options': 'WarnErrorOptions(include=[], exclude=[])', 'introspect': 'True', 'invocation_command': 'dbt debug', 'static_parser': 'True', 'target_path': 'None', 'log_format': 'default', 'send_anonymous_usage_stats': 'True'}
[0m14:49:01.453254 [info ] [MainThread]: dbt version: 1.8.3
[0m14:49:01.453254 [info ] [MainThread]: python version: 3.12.3
[0m14:49:01.454259 [info ] [MainThread]: python path: C:\Users\PAULO\workspace\pmarangoni\projeto-dbt\.venv\Scripts\python.exe
[0m14:49:01.455256 [info ] [MainThread]: os info: Windows-11-10.0.22631-SP0
[0m14:49:01.500053 [info ] [MainThread]: Using profiles dir at C:\Users\PAULO\.dbt
[0m14:49:01.501052 [info ] [MainThread]: Using profiles.yml file at C:\Users\PAULO\.dbt\profiles.yml
[0m14:49:01.501052 [info ] [MainThread]: Using dbt_project.yml file at C:\Users\PAULO\workspace\pmarangoni\projeto-dbt\dbt_project.yml
[0m14:49:01.503051 [info ] [MainThread]: adapter type: postgres
[0m14:49:01.503051 [info ] [MainThread]: adapter version: 1.8.2
[0m14:49:01.504052 [info ] [MainThread]: Configuration:
[0m14:49:01.504052 [info ] [MainThread]:   profiles.yml file [[32mOK found and valid[0m]
[0m14:49:01.505051 [info ] [MainThread]:   dbt_project.yml file [[31mERROR not found[0m]
[0m14:49:01.505051 [info ] [MainThread]: Required dependencies:
[0m14:49:01.506053 [debug] [MainThread]: Executing "git --help"
[0m14:49:01.524531 [debug] [MainThread]: STDOUT: "b"usage: git [-v | --version] [-h | --help] [-C <path>] [-c <name>=<value>]\n           [--exec-path[=<path>]] [--html-path] [--man-path] [--info-path]\n           [-p | --paginate | -P | --no-pager] [--no-replace-objects] [--bare]\n           [--git-dir=<path>] [--work-tree=<path>] [--namespace=<name>]\n           [--config-env=<name>=<envvar>] <command> [<args>]\n\nThese are common Git commands used in various situations:\n\nstart a working area (see also: git help tutorial)\n   clone     Clone a repository into a new directory\n   init      Create an empty Git repository or reinitialize an existing one\n\nwork on the current change (see also: git help everyday)\n   add       Add file contents to the index\n   mv        Move or rename a file, a directory, or a symlink\n   restore   Restore working tree files\n   rm        Remove files from the working tree and from the index\n\nexamine the history and state (see also: git help revisions)\n   bisect    Use binary search to find the commit that introduced a bug\n   diff      Show changes between commits, commit and working tree, etc\n   grep      Print lines matching a pattern\n   log       Show commit logs\n   show      Show various types of objects\n   status    Show the working tree status\n\ngrow, mark and tweak your common history\n   branch    List, create, or delete branches\n   commit    Record changes to the repository\n   merge     Join two or more development histories together\n   rebase    Reapply commits on top of another base tip\n   reset     Reset current HEAD to the specified state\n   switch    Switch branches\n   tag       Create, list, delete or verify a tag object signed with GPG\n\ncollaborate (see also: git help workflows)\n   fetch     Download objects and refs from another repository\n   pull      Fetch from and integrate with another repository or a local branch\n   push      Update remote refs along with associated objects\n\n'git help -a' and 'git help -g' list available subcommands and some\nconcept guides. See 'git help <command>' or 'git help <concept>'\nto read about a specific subcommand or concept.\nSee 'git help git' for an overview of the system.\n""
[0m14:49:01.524531 [debug] [MainThread]: STDERR: "b''"
[0m14:49:01.525530 [info ] [MainThread]:  - git [[32mOK found[0m]

[0m14:49:01.525530 [info ] [MainThread]: Connection:
[0m14:49:01.526530 [info ] [MainThread]:   host: curso-dbt.ct6uwqiacd9r.us-east-1.rds.amazonaws.com
[0m14:49:01.526530 [info ] [MainThread]:   port: 5432
[0m14:49:01.527533 [info ] [MainThread]:   user: postgres
[0m14:49:01.527533 [info ] [MainThread]:   database: bancodbt
[0m14:49:01.527533 [info ] [MainThread]:   schema: public
[0m14:49:01.528530 [info ] [MainThread]:   connect_timeout: 10
[0m14:49:01.528530 [info ] [MainThread]:   role: None
[0m14:49:01.529532 [info ] [MainThread]:   search_path: None
[0m14:49:01.529532 [info ] [MainThread]:   keepalives_idle: 0
[0m14:49:01.530531 [info ] [MainThread]:   sslmode: None
[0m14:49:01.530531 [info ] [MainThread]:   sslcert: None
[0m14:49:01.530531 [info ] [MainThread]:   sslkey: None
[0m14:49:01.531531 [info ] [MainThread]:   sslrootcert: None
[0m14:49:01.531531 [info ] [MainThread]:   application_name: dbt
[0m14:49:01.532531 [info ] [MainThread]:   retries: 1
[0m14:49:01.532531 [info ] [MainThread]: Registered adapter: postgres=1.8.2
[0m14:49:01.533532 [debug] [MainThread]: Acquiring new postgres connection 'debug'
[0m14:49:01.603532 [debug] [MainThread]: Using postgres connection "debug"
[0m14:49:01.604532 [debug] [MainThread]: On debug: select 1 as id
[0m14:49:01.604532 [debug] [MainThread]: Opening a new connection, currently in state init
[0m14:49:03.127636 [debug] [MainThread]: SQL status: SELECT 1 in 1.523 seconds
[0m14:49:03.128636 [debug] [MainThread]: On debug: Close
[0m14:49:03.129626 [info ] [MainThread]:   Connection test: [[32mOK connection ok[0m]

[0m14:49:03.130627 [info ] [MainThread]: [31m1 check failed:[0m
[0m14:49:03.130627 [info ] [MainThread]: Project loading failed for the following reason:
 project path <C:\Users\PAULO\workspace\pmarangoni\projeto-dbt\dbt_project.yml> not found

[0m14:49:03.131626 [debug] [MainThread]: Command `dbt debug` failed at 14:49:03.131626 after 1.82 seconds
[0m14:49:03.132633 [debug] [MainThread]: Connection 'debug' was properly closed.
[0m14:49:03.132633 [debug] [MainThread]: Sending event: {'category': 'dbt', 'action': 'invocation', 'label': 'end', 'context': [<snowplow_tracker.self_describing_json.SelfDescribingJson object at 0x000002ADDBB67E30>, <snowplow_tracker.self_describing_json.SelfDescribingJson object at 0x000002ADDC292C00>, <snowplow_tracker.self_describing_json.SelfDescribingJson object at 0x000002ADDC235B20>]}
[0m14:49:03.132633 [debug] [MainThread]: Flushing usage events
